<?xml version="1.0" encoding="UTF-8"?>
<!-- Generated by org.testng.reporters.JUnitReportReporter -->
<testsuite hostname="DESKTOP-D9AU2S1" failures="0" tests="2" name="Runner.testcase1" time="26.200" errors="1" timestamp="2024-01-05T14:42:22 IST" skipped="1">
  <testcase classname="Runner.testcase1" name="openapp" time="26.199">
    <error message="tab crashed
  (Session info: chrome=120.0.6099.130)
Build info: version: &#039;3.141.59&#039;, revision: &#039;e82be7d358&#039;, time: &#039;2018-11-14T08:25:53&#039;
System info: host: &#039;DESKTOP-D9AU2S1&#039;, ip: &#039;192.168.137.1&#039;, os.name: &#039;Windows 10&#039;, os.arch: &#039;amd64&#039;, os.version: &#039;10.0&#039;, java.version: &#039;17.0.7&#039;
Driver info: driver.version: ChromeDriver
remote stacktrace: 	GetHandleVerifier [0x00007FF6FB4B82B2+55298]
	(No symbol) [0x00007FF6FB425E02]
	(No symbol) [0x00007FF6FB2E045D]
	(No symbol) [0x00007FF6FB2CFE34]
	(No symbol) [0x00007FF6FB2CF905]
	(No symbol) [0x00007FF6FB2CE803]
	(No symbol) [0x00007FF6FB2CE7A8]
	(No symbol) [0x00007FF6FB2CCF0E]
	(No symbol) [0x00007FF6FB2CD803]
	(No symbol) [0x00007FF6FB2CC376]
	(No symbol) [0x00007FF6FB2DB545]
	(No symbol) [0x00007FF6FB2CC1CD]
	(No symbol) [0x00007FF6FB2CE4BA]
	(No symbol) [0x00007FF6FB2CCF0E]
	(No symbol) [0x00007FF6FB2CD803]
	(No symbol) [0x00007FF6FB2CC376]
	(No symbol) [0x00007FF6FB2D5CFA]
	(No symbol) [0x00007FF6FB2CC1CD]
	(No symbol) [0x00007FF6FB2CE4BA]
	(No symbol) [0x00007FF6FB2CCF0E]
	(No symbol) [0x00007FF6FB2CD803]
	(No symbol) [0x00007FF6FB2CC376]
	(No symbol) [0x00007FF6FB2D32E6]
	(No symbol) [0x00007FF6FB2CC1CD]
	(No symbol) [0x00007FF6FB2CE4BA]
	(No symbol) [0x00007FF6FB2CCF0E]
	(No symbol) [0x00007FF6FB2CD803]
	(No symbol) [0x00007FF6FB2CC376]
	(No symbol) [0x00007FF6FB2C4CE2]
	(No symbol) [0x00007FF6FB2CC1CD]
	(No symbol) [0x00007FF6FB2CBA48]
	(No symbol) [0x00007FF6FB2CB6A2]
	(No symbol) [0x00007FF6FB2E2431]
	(No symbol) [0x00007FF6FB2BF7D7]
	(No symbol) [0x00007FF6FB2BF2C0]
	(No symbol) [0x00007FF6FB34A25D]
	(No symbol) [0x00007FF6FB349CB0]
	(No symbol) [0x00007FF6FB341E83]
	(No symbol) [0x00007FF6FB31670A]
	(No symbol) [0x00007FF6FB317964]
	GetHandleVerifier [0x00007FF6FB830AAB+3694587]
	GetHandleVerifier [0x00007FF6FB88728E+4048862]
	GetHandleVerifier [0x00007FF6FB87F173+4015811]
	GetHandleVerifier [0x00007FF6FB5547D6+695590]
	(No symbol) [0x00007FF6FB430CE8]
	(No symbol) [0x00007FF6FB42CF34]
	(No symbol) [0x00007FF6FB42D062]
	(No symbol) [0x00007FF6FB41D3A3]
	BaseThreadInitThunk [0x00007FF9BBF77344+20]
	RtlUserThreadStart [0x00007FF9BD3426B1+33]
" type="org.openqa.selenium.WebDriverException">
      <![CDATA[org.openqa.selenium.WebDriverException: tab crashed
  (Session info: chrome=120.0.6099.130)
Build info: version: '3.141.59', revision: 'e82be7d358', time: '2018-11-14T08:25:53'
System info: host: 'DESKTOP-D9AU2S1', ip: '192.168.137.1', os.name: 'Windows 10', os.arch: 'amd64', os.version: '10.0', java.version: '17.0.7'
Driver info: driver.version: ChromeDriver
remote stacktrace: GetHandleVerifier [0x00007FF6FB4B82B2+55298]
(No symbol) [0x00007FF6FB425E02]
(No symbol) [0x00007FF6FB2E045D]
(No symbol) [0x00007FF6FB2CFE34]
(No symbol) [0x00007FF6FB2CF905]
(No symbol) [0x00007FF6FB2CE803]
(No symbol) [0x00007FF6FB2CE7A8]
(No symbol) [0x00007FF6FB2CCF0E]
(No symbol) [0x00007FF6FB2CD803]
(No symbol) [0x00007FF6FB2CC376]
(No symbol) [0x00007FF6FB2DB545]
(No symbol) [0x00007FF6FB2CC1CD]
(No symbol) [0x00007FF6FB2CE4BA]
(No symbol) [0x00007FF6FB2CCF0E]
(No symbol) [0x00007FF6FB2CD803]
(No symbol) [0x00007FF6FB2CC376]
(No symbol) [0x00007FF6FB2D5CFA]
(No symbol) [0x00007FF6FB2CC1CD]
(No symbol) [0x00007FF6FB2CE4BA]
(No symbol) [0x00007FF6FB2CCF0E]
(No symbol) [0x00007FF6FB2CD803]
(No symbol) [0x00007FF6FB2CC376]
(No symbol) [0x00007FF6FB2D32E6]
(No symbol) [0x00007FF6FB2CC1CD]
(No symbol) [0x00007FF6FB2CE4BA]
(No symbol) [0x00007FF6FB2CCF0E]
(No symbol) [0x00007FF6FB2CD803]
(No symbol) [0x00007FF6FB2CC376]
(No symbol) [0x00007FF6FB2C4CE2]
(No symbol) [0x00007FF6FB2CC1CD]
(No symbol) [0x00007FF6FB2CBA48]
(No symbol) [0x00007FF6FB2CB6A2]
(No symbol) [0x00007FF6FB2E2431]
(No symbol) [0x00007FF6FB2BF7D7]
(No symbol) [0x00007FF6FB2BF2C0]
(No symbol) [0x00007FF6FB34A25D]
(No symbol) [0x00007FF6FB349CB0]
(No symbol) [0x00007FF6FB341E83]
(No symbol) [0x00007FF6FB31670A]
(No symbol) [0x00007FF6FB317964]
GetHandleVerifier [0x00007FF6FB830AAB+3694587]
GetHandleVerifier [0x00007FF6FB88728E+4048862]
GetHandleVerifier [0x00007FF6FB87F173+4015811]
GetHandleVerifier [0x00007FF6FB5547D6+695590]
(No symbol) [0x00007FF6FB430CE8]
(No symbol) [0x00007FF6FB42CF34]
(No symbol) [0x00007FF6FB42D062]
(No symbol) [0x00007FF6FB41D3A3]
BaseThreadInitThunk [0x00007FF9BBF77344+20]
RtlUserThreadStart [0x00007FF9BD3426B1+33]

at java.base/jdk.internal.reflect.NativeConstructorAccessorImpl.newInstance0(Native Method)
at java.base/jdk.internal.reflect.NativeConstructorAccessorImpl.newInstance(NativeConstructorAccessorImpl.java:77)
at java.base/jdk.internal.reflect.DelegatingConstructorAccessorImpl.newInstance(DelegatingConstructorAccessorImpl.java:45)
at java.base/java.lang.reflect.Constructor.newInstanceWithCaller(Constructor.java:499)
at java.base/java.lang.reflect.Constructor.newInstance(Constructor.java:480)
at org.openqa.selenium.remote.W3CHandshakeResponse.lambda$errorHandler$0(W3CHandshakeResponse.java:62)
at org.openqa.selenium.remote.HandshakeResponse.lambda$getResponseFunction$0(HandshakeResponse.java:30)
at org.openqa.selenium.remote.ProtocolHandshake.lambda$createSession$0(ProtocolHandshake.java:126)
at java.base/java.util.stream.ReferencePipeline$3$1.accept(ReferencePipeline.java:197)
at java.base/java.util.Spliterators$ArraySpliterator.tryAdvance(Spliterators.java:1002)
at java.base/java.util.stream.ReferencePipeline.forEachWithCancel(ReferencePipeline.java:129)
at java.base/java.util.stream.AbstractPipeline.copyIntoWithCancel(AbstractPipeline.java:527)
at java.base/java.util.stream.AbstractPipeline.copyInto(AbstractPipeline.java:513)
at java.base/java.util.stream.AbstractPipeline.wrapAndCopyInto(AbstractPipeline.java:499)
at java.base/java.util.stream.FindOps$FindOp.evaluateSequential(FindOps.java:150)
at java.base/java.util.stream.AbstractPipeline.evaluate(AbstractPipeline.java:234)
at java.base/java.util.stream.ReferencePipeline.findFirst(ReferencePipeline.java:647)
at org.openqa.selenium.remote.ProtocolHandshake.createSession(ProtocolHandshake.java:128)
at org.openqa.selenium.remote.ProtocolHandshake.createSession(ProtocolHandshake.java:74)
at org.openqa.selenium.remote.HttpCommandExecutor.execute(HttpCommandExecutor.java:136)
at org.openqa.selenium.remote.service.DriverCommandExecutor.execute(DriverCommandExecutor.java:83)
at org.openqa.selenium.remote.RemoteWebDriver.execute(RemoteWebDriver.java:552)
at org.openqa.selenium.remote.RemoteWebDriver.startSession(RemoteWebDriver.java:213)
at org.openqa.selenium.remote.RemoteWebDriver.<init>(RemoteWebDriver.java:131)
at org.openqa.selenium.chrome.ChromeDriver.<init>(ChromeDriver.java:181)
at org.openqa.selenium.chrome.ChromeDriver.<init>(ChromeDriver.java:168)
at org.openqa.selenium.chrome.ChromeDriver.<init>(ChromeDriver.java:123)
at Generic.Baseclass.openapp(Baseclass.java:19)
at java.base/jdk.internal.reflect.NativeMethodAccessorImpl.invoke0(Native Method)
at java.base/jdk.internal.reflect.NativeMethodAccessorImpl.invoke(NativeMethodAccessorImpl.java:77)
at java.base/jdk.internal.reflect.DelegatingMethodAccessorImpl.invoke(DelegatingMethodAccessorImpl.java:43)
at java.base/java.lang.reflect.Method.invoke(Method.java:568)
at org.testng.internal.invokers.MethodInvocationHelper.invokeMethod(MethodInvocationHelper.java:139)
at org.testng.internal.invokers.MethodInvocationHelper.invokeMethodConsideringTimeout(MethodInvocationHelper.java:69)
at org.testng.internal.invokers.ConfigInvoker.invokeConfigurationMethod(ConfigInvoker.java:390)
at org.testng.internal.invokers.ConfigInvoker.invokeConfigurations(ConfigInvoker.java:325)
at org.testng.internal.invokers.TestInvoker.runConfigMethods(TestInvoker.java:810)
at org.testng.internal.invokers.TestInvoker.invokeMethod(TestInvoker.java:577)
at org.testng.internal.invokers.TestInvoker.invokeTestMethod(TestInvoker.java:227)
at org.testng.internal.invokers.MethodRunner.runInSequence(MethodRunner.java:50)
at org.testng.internal.invokers.TestInvoker$MethodInvocationAgent.invoke(TestInvoker.java:957)
at org.testng.internal.invokers.TestInvoker.invokeTestMethods(TestInvoker.java:200)
at org.testng.internal.invokers.TestMethodWorker.invokeTestMethods(TestMethodWorker.java:148)
at org.testng.internal.invokers.TestMethodWorker.run(TestMethodWorker.java:128)
at java.base/java.util.ArrayList.forEach(ArrayList.java:1511)
at org.testng.TestRunner.privateRun(TestRunner.java:848)
at org.testng.TestRunner.run(TestRunner.java:621)
at org.testng.SuiteRunner.runTest(SuiteRunner.java:443)
at org.testng.SuiteRunner.runSequentially(SuiteRunner.java:437)
at org.testng.SuiteRunner.privateRun(SuiteRunner.java:397)
at org.testng.SuiteRunner.run(SuiteRunner.java:336)
at org.testng.SuiteRunnerWorker.runSuite(SuiteRunnerWorker.java:52)
at org.testng.SuiteRunnerWorker.run(SuiteRunnerWorker.java:95)
at org.testng.TestNG.runSuitesSequentially(TestNG.java:1280)
at org.testng.TestNG.runSuitesLocally(TestNG.java:1200)
at org.testng.TestNG.runSuites(TestNG.java:1114)
at org.testng.TestNG.run(TestNG.java:1082)
at org.testng.remote.AbstractRemoteTestNG.run(AbstractRemoteTestNG.java:115)
at org.testng.remote.RemoteTestNG.initAndRun(RemoteTestNG.java:251)
at org.testng.remote.RemoteTestNG.main(RemoteTestNG.java:77)
]]>
    </error>
  </testcase> <!-- openapp -->
  <testcase classname="Runner.testcase1" name="run" time="0.001">
    <skipped/>
  </testcase> <!-- run -->
</testsuite> <!-- Runner.testcase1 -->
